<?xml version="1.0" encoding="UTF-8"?>
<testng-results ignored="0" total="4" passed="2" failed="2" skipped="0">
  <reporter-output>
    <line>
      <![CDATA[Report Configuration]]>
    </line>
    <line>
      <![CDATA[Report Configuration]]>
    </line>
    <line>
      <![CDATA[Establish the DB connectivity]]>
    </line>
    <line>
      <![CDATA[Pre-condition]]>
    </line>
    <line>
      <![CDATA[Launching the browser]]>
    </line>
    <line>
      <![CDATA[Logged in to NCRM]]>
    </line>
    <line>
      <![CDATA[========CreateCpgnTest==STARTED==]]>
    </line>
    <line>
      <![CDATA[========CreateCpgnTest==FAILED==]]>
    </line>
    <line>
      <![CDATA[Logged out successfully]]>
    </line>
    <line>
      <![CDATA[Browser closed]]>
    </line>
    <line>
      <![CDATA[Launching the browser]]>
    </line>
    <line>
      <![CDATA[Logged in to NCRM]]>
    </line>
    <line>
      <![CDATA[========createCampwithDateTest==STARTED==]]>
    </line>
    <line>
      <![CDATA[========createCampwithDateTest==SUCCESS==]]>
    </line>
    <line>
      <![CDATA[Logged out successfully]]>
    </line>
    <line>
      <![CDATA[Browser closed]]>
    </line>
    <line>
      <![CDATA[Launching the browser]]>
    </line>
    <line>
      <![CDATA[Logged in to NCRM]]>
    </line>
    <line>
      <![CDATA[========createLeadWithCpgnTest==STARTED==]]>
    </line>
    <line>
      <![CDATA[========createLeadWithCpgnTest==FAILED==]]>
    </line>
    <line>
      <![CDATA[Logged out successfully]]>
    </line>
    <line>
      <![CDATA[Browser closed]]>
    </line>
    <line>
      <![CDATA[Launching the browser]]>
    </line>
    <line>
      <![CDATA[Logged in to NCRM]]>
    </line>
    <line>
      <![CDATA[========createProductTest==STARTED==]]>
    </line>
    <line>
      <![CDATA[========createProductTest==SUCCESS==]]>
    </line>
    <line>
      <![CDATA[Logged out successfully]]>
    </line>
    <line>
      <![CDATA[Browser closed]]>
    </line>
    <line>
      <![CDATA[Post-condition]]>
    </line>
    <line>
      <![CDATA[Disconnect DB]]>
    </line>
  </reporter-output>
  <suite started-at="2025-06-28T10:05:05 IST" name="Suite" finished-at="2025-06-28T10:06:28 IST" duration-ms="82506">
    <groups>
      <group name="regression">
        <method signature="CreateCampaignWithDateTest.createCampwithDateTest()[pri:0, instance:ObjRepository.CreateCampaignWithDateTest@7bba5817]" name="createCampwithDateTest" class="ObjRepository.CreateCampaignWithDateTest"/>
        <method signature="CreateProductWithMandatoryfieldsTest.createProductTest()[pri:0, instance:ObjRepository.CreateProductWithMandatoryfieldsTest@75437611]" name="createProductTest" class="ObjRepository.CreateProductWithMandatoryfieldsTest"/>
      </group> <!-- regression -->
      <group name="smoke">
        <method signature="CreateCampaignTest.CreateCpgnTest()[pri:0, instance:ObjRepository.CreateCampaignTest@548d708a]" name="CreateCpgnTest" class="ObjRepository.CreateCampaignTest"/>
        <method signature="CreateLeadWithCampaignTest.createLeadWithCpgnTest()[pri:0, instance:ObjRepository.CreateLeadWithCampaignTest@742ff096]" name="createLeadWithCpgnTest" class="ObjRepository.CreateLeadWithCampaignTest"/>
      </group> <!-- smoke -->
    </groups>
    <test started-at="2025-06-28T10:05:05 IST" name="Test" finished-at="2025-06-28T10:06:28 IST" duration-ms="82506">
      <class name="ObjRepository.CreateLeadWithCampaignTest">
        <test-method is-config="true" signature="configBC()[pri:0, instance:ObjRepository.CreateLeadWithCampaignTest@742ff096]" started-at="2025-06-28T10:05:38 IST" name="configBC" finished-at="2025-06-28T10:05:42 IST" duration-ms="3852" status="PASS">
          <reporter-output>
            <line>
              <![CDATA[Launching the browser]]>
            </line>
          </reporter-output>
        </test-method> <!-- configBC -->
        <test-method is-config="true" signature="configBM()[pri:0, instance:ObjRepository.CreateLeadWithCampaignTest@742ff096]" started-at="2025-06-28T10:05:42 IST" name="configBM" finished-at="2025-06-28T10:05:43 IST" duration-ms="441" status="PASS">
          <reporter-output>
            <line>
              <![CDATA[Logged in to NCRM]]>
            </line>
          </reporter-output>
        </test-method> <!-- configBM -->
        <test-method signature="createLeadWithCpgnTest()[pri:0, instance:ObjRepository.CreateLeadWithCampaignTest@742ff096]" started-at="2025-06-28T10:05:43 IST" name="createLeadWithCpgnTest" finished-at="2025-06-28T10:06:05 IST" duration-ms="22296" status="FAIL">
          <exception class="java.lang.AssertionError">
            <message>
              <![CDATA[The following asserts failed:
Failed to create the leadRobot expected [false] but found [true]]]>
            </message>
            <full-stacktrace>
              <![CDATA[java.lang.AssertionError: The following asserts failed:
Failed to create the leadRobot expected [false] but found [true]
at org.testng.asserts.SoftAssert.assertAll(SoftAssert.java:46)
at org.testng.asserts.SoftAssert.assertAll(SoftAssert.java:30)
at ObjRepository.CreateLeadWithCampaignTest.createLeadWithCpgnTest(CreateLeadWithCampaignTest.java:78)
at java.base/jdk.internal.reflect.NativeMethodAccessorImpl.invoke0(Native Method)
at java.base/jdk.internal.reflect.NativeMethodAccessorImpl.invoke(NativeMethodAccessorImpl.java:77)
at java.base/jdk.internal.reflect.DelegatingMethodAccessorImpl.invoke(DelegatingMethodAccessorImpl.java:43)
at java.base/java.lang.reflect.Method.invoke(Method.java:568)
at org.testng.internal.invokers.MethodInvocationHelper.invokeMethod(MethodInvocationHelper.java:141)
at org.testng.internal.invokers.TestInvoker.invokeMethod(TestInvoker.java:686)
at org.testng.internal.invokers.TestInvoker.invokeTestMethod(TestInvoker.java:230)
at org.testng.internal.invokers.MethodRunner.runInSequence(MethodRunner.java:63)
at org.testng.internal.invokers.TestInvoker$MethodInvocationAgent.invoke(TestInvoker.java:992)
at org.testng.internal.invokers.TestInvoker.invokeTestMethods(TestInvoker.java:203)
at org.testng.internal.invokers.TestMethodWorker.invokeTestMethods(TestMethodWorker.java:154)
at org.testng.internal.invokers.TestMethodWorker.run(TestMethodWorker.java:134)
at java.base/java.util.ArrayList.forEach(ArrayList.java:1511)
at org.testng.TestRunner.privateRun(TestRunner.java:739)
at org.testng.TestRunner.run(TestRunner.java:614)
at org.testng.SuiteRunner.runTest(SuiteRunner.java:421)
at org.testng.SuiteRunner.runSequentially(SuiteRunner.java:413)
at org.testng.SuiteRunner.privateRun(SuiteRunner.java:373)
at org.testng.SuiteRunner.run(SuiteRunner.java:312)
at org.testng.SuiteRunnerWorker.runSuite(SuiteRunnerWorker.java:52)
at org.testng.SuiteRunnerWorker.run(SuiteRunnerWorker.java:95)
at org.testng.TestNG.runSuitesSequentially(TestNG.java:1274)
at org.testng.TestNG.runSuitesLocally(TestNG.java:1208)
at org.testng.TestNG.runSuites(TestNG.java:1112)
at org.testng.TestNG.run(TestNG.java:1079)
at org.testng.remote.AbstractRemoteTestNG.run(AbstractRemoteTestNG.java:115)
at org.testng.remote.RemoteTestNG.initAndRun(RemoteTestNG.java:293)
at org.testng.remote.RemoteTestNG.main(RemoteTestNG.java:91)
]]>
            </full-stacktrace>
          </exception> <!-- java.lang.AssertionError -->
          <reporter-output>
            <line>
              <![CDATA[========createLeadWithCpgnTest==STARTED==]]>
            </line>
            <line>
              <![CDATA[========createLeadWithCpgnTest==FAILED==]]>
            </line>
          </reporter-output>
        </test-method> <!-- createLeadWithCpgnTest -->
        <test-method is-config="true" signature="configAM()[pri:0, instance:ObjRepository.CreateLeadWithCampaignTest@742ff096]" started-at="2025-06-28T10:06:05 IST" name="configAM" finished-at="2025-06-28T10:06:12 IST" duration-ms="7008" status="PASS">
          <reporter-output>
            <line>
              <![CDATA[Logged out successfully]]>
            </line>
          </reporter-output>
        </test-method> <!-- configAM -->
        <test-method is-config="true" signature="configAC()[pri:0, instance:ObjRepository.CreateLeadWithCampaignTest@742ff096]" started-at="2025-06-28T10:06:12 IST" name="configAC" finished-at="2025-06-28T10:06:13 IST" duration-ms="440" status="PASS">
          <reporter-output>
            <line>
              <![CDATA[Browser closed]]>
            </line>
          </reporter-output>
        </test-method> <!-- configAC -->
      </class> <!-- ObjRepository.CreateLeadWithCampaignTest -->
      <class name="ObjRepository.CreateCampaignTest">
        <test-method is-config="true" signature="configBS()[pri:0, instance:ObjRepository.CreateCampaignTest@548d708a]" started-at="2025-06-28T10:05:05 IST" name="configBS" finished-at="2025-06-28T10:05:05 IST" duration-ms="13" status="PASS">
          <reporter-output>
            <line>
              <![CDATA[Establish the DB connectivity]]>
            </line>
          </reporter-output>
        </test-method> <!-- configBS -->
        <test-method is-config="true" signature="configBT()[pri:0, instance:ObjRepository.CreateCampaignTest@548d708a]" started-at="2025-06-28T10:05:05 IST" name="configBT" finished-at="2025-06-28T10:05:05 IST" duration-ms="0" status="PASS">
          <reporter-output>
            <line>
              <![CDATA[Pre-condition]]>
            </line>
          </reporter-output>
        </test-method> <!-- configBT -->
        <test-method is-config="true" signature="configBC()[pri:0, instance:ObjRepository.CreateCampaignTest@548d708a]" started-at="2025-06-28T10:05:05 IST" name="configBC" finished-at="2025-06-28T10:05:12 IST" duration-ms="6841" status="PASS">
          <reporter-output>
            <line>
              <![CDATA[Launching the browser]]>
            </line>
          </reporter-output>
        </test-method> <!-- configBC -->
        <test-method is-config="true" signature="configBM()[pri:0, instance:ObjRepository.CreateCampaignTest@548d708a]" started-at="2025-06-28T10:05:12 IST" name="configBM" finished-at="2025-06-28T10:05:13 IST" duration-ms="563" status="PASS">
          <reporter-output>
            <line>
              <![CDATA[Logged in to NCRM]]>
            </line>
          </reporter-output>
        </test-method> <!-- configBM -->
        <test-method signature="CreateCpgnTest()[pri:0, instance:ObjRepository.CreateCampaignTest@548d708a]" started-at="2025-06-28T10:05:13 IST" name="CreateCpgnTest" finished-at="2025-06-28T10:05:15 IST" duration-ms="2024" status="FAIL">
          <exception class="java.lang.AssertionError">
            <message>
              <![CDATA[Failed to create CampaignGo Green  expected [false] but found [true]]]>
            </message>
            <full-stacktrace>
              <![CDATA[java.lang.AssertionError: Failed to create CampaignGo Green  expected [false] but found [true]
at org.testng.Assert.fail(Assert.java:111)
at org.testng.Assert.failNotEquals(Assert.java:1578)
at org.testng.Assert.assertEqualsImpl(Assert.java:150)
at org.testng.Assert.assertEquals(Assert.java:132)
at org.testng.Assert.assertEquals(Assert.java:1067)
at org.testng.Assert.assertEquals(Assert.java:1043)
at ObjRepository.CreateCampaignTest.CreateCpgnTest(CreateCampaignTest.java:55)
at java.base/jdk.internal.reflect.NativeMethodAccessorImpl.invoke0(Native Method)
at java.base/jdk.internal.reflect.NativeMethodAccessorImpl.invoke(NativeMethodAccessorImpl.java:77)
at java.base/jdk.internal.reflect.DelegatingMethodAccessorImpl.invoke(DelegatingMethodAccessorImpl.java:43)
at java.base/java.lang.reflect.Method.invoke(Method.java:568)
at org.testng.internal.invokers.MethodInvocationHelper.invokeMethod(MethodInvocationHelper.java:141)
at org.testng.internal.invokers.TestInvoker.invokeMethod(TestInvoker.java:686)
at org.testng.internal.invokers.TestInvoker.invokeTestMethod(TestInvoker.java:230)
at org.testng.internal.invokers.MethodRunner.runInSequence(MethodRunner.java:63)
at org.testng.internal.invokers.TestInvoker$MethodInvocationAgent.invoke(TestInvoker.java:992)
at org.testng.internal.invokers.TestInvoker.invokeTestMethods(TestInvoker.java:203)
at org.testng.internal.invokers.TestMethodWorker.invokeTestMethods(TestMethodWorker.java:154)
at org.testng.internal.invokers.TestMethodWorker.run(TestMethodWorker.java:134)
at java.base/java.util.ArrayList.forEach(ArrayList.java:1511)
at org.testng.TestRunner.privateRun(TestRunner.java:739)
at org.testng.TestRunner.run(TestRunner.java:614)
at org.testng.SuiteRunner.runTest(SuiteRunner.java:421)
at org.testng.SuiteRunner.runSequentially(SuiteRunner.java:413)
at org.testng.SuiteRunner.privateRun(SuiteRunner.java:373)
at org.testng.SuiteRunner.run(SuiteRunner.java:312)
at org.testng.SuiteRunnerWorker.runSuite(SuiteRunnerWorker.java:52)
at org.testng.SuiteRunnerWorker.run(SuiteRunnerWorker.java:95)
at org.testng.TestNG.runSuitesSequentially(TestNG.java:1274)
at org.testng.TestNG.runSuitesLocally(TestNG.java:1208)
at org.testng.TestNG.runSuites(TestNG.java:1112)
at org.testng.TestNG.run(TestNG.java:1079)
at org.testng.remote.AbstractRemoteTestNG.run(AbstractRemoteTestNG.java:115)
at org.testng.remote.RemoteTestNG.initAndRun(RemoteTestNG.java:293)
at org.testng.remote.RemoteTestNG.main(RemoteTestNG.java:91)
]]>
            </full-stacktrace>
          </exception> <!-- java.lang.AssertionError -->
          <reporter-output>
            <line>
              <![CDATA[========CreateCpgnTest==STARTED==]]>
            </line>
            <line>
              <![CDATA[========CreateCpgnTest==FAILED==]]>
            </line>
          </reporter-output>
        </test-method> <!-- CreateCpgnTest -->
        <test-method is-config="true" signature="configAM()[pri:0, instance:ObjRepository.CreateCampaignTest@548d708a]" started-at="2025-06-28T10:05:15 IST" name="configAM" finished-at="2025-06-28T10:05:22 IST" duration-ms="6694" status="PASS">
          <reporter-output>
            <line>
              <![CDATA[Logged out successfully]]>
            </line>
          </reporter-output>
        </test-method> <!-- configAM -->
        <test-method is-config="true" signature="configAC()[pri:0, instance:ObjRepository.CreateCampaignTest@548d708a]" started-at="2025-06-28T10:05:22 IST" name="configAC" finished-at="2025-06-28T10:05:23 IST" duration-ms="567" status="PASS">
          <reporter-output>
            <line>
              <![CDATA[Browser closed]]>
            </line>
          </reporter-output>
        </test-method> <!-- configAC -->
        <test-method is-config="true" signature="configAT()[pri:0, instance:ObjRepository.CreateCampaignTest@548d708a]" started-at="2025-06-28T10:06:28 IST" name="configAT" finished-at="2025-06-28T10:06:28 IST" duration-ms="0" status="PASS">
          <reporter-output>
            <line>
              <![CDATA[Post-condition]]>
            </line>
          </reporter-output>
        </test-method> <!-- configAT -->
        <test-method is-config="true" signature="configAS()[pri:0, instance:ObjRepository.CreateCampaignTest@548d708a]" started-at="2025-06-28T10:06:28 IST" name="configAS" finished-at="2025-06-28T10:06:28 IST" duration-ms="1" status="PASS">
          <reporter-output>
            <line>
              <![CDATA[Disconnect DB]]>
            </line>
          </reporter-output>
        </test-method> <!-- configAS -->
      </class> <!-- ObjRepository.CreateCampaignTest -->
      <class name="ObjRepository.CreateCampaignWithDateTest">
        <test-method is-config="true" signature="configBC()[pri:0, instance:ObjRepository.CreateCampaignWithDateTest@7bba5817]" started-at="2025-06-28T10:05:23 IST" name="configBC" finished-at="2025-06-28T10:05:25 IST" duration-ms="2929" status="PASS">
          <reporter-output>
            <line>
              <![CDATA[Launching the browser]]>
            </line>
          </reporter-output>
        </test-method> <!-- configBC -->
        <test-method is-config="true" signature="configBM()[pri:0, instance:ObjRepository.CreateCampaignWithDateTest@7bba5817]" started-at="2025-06-28T10:05:25 IST" name="configBM" finished-at="2025-06-28T10:05:26 IST" duration-ms="443" status="PASS">
          <reporter-output>
            <line>
              <![CDATA[Logged in to NCRM]]>
            </line>
          </reporter-output>
        </test-method> <!-- configBM -->
        <test-method signature="createCampwithDateTest()[pri:0, instance:ObjRepository.CreateCampaignWithDateTest@7bba5817]" started-at="2025-06-28T10:05:26 IST" name="createCampwithDateTest" finished-at="2025-06-28T10:05:27 IST" duration-ms="1582" status="PASS">
          <reporter-output>
            <line>
              <![CDATA[========createCampwithDateTest==STARTED==]]>
            </line>
            <line>
              <![CDATA[========createCampwithDateTest==SUCCESS==]]>
            </line>
          </reporter-output>
        </test-method> <!-- createCampwithDateTest -->
        <test-method is-config="true" signature="configAM()[pri:0, instance:ObjRepository.CreateCampaignWithDateTest@7bba5817]" started-at="2025-06-28T10:05:27 IST" name="configAM" finished-at="2025-06-28T10:05:38 IST" duration-ms="10208" status="PASS">
          <reporter-output>
            <line>
              <![CDATA[Logged out successfully]]>
            </line>
          </reporter-output>
        </test-method> <!-- configAM -->
        <test-method is-config="true" signature="configAC()[pri:0, instance:ObjRepository.CreateCampaignWithDateTest@7bba5817]" started-at="2025-06-28T10:05:38 IST" name="configAC" finished-at="2025-06-28T10:05:38 IST" duration-ms="581" status="PASS">
          <reporter-output>
            <line>
              <![CDATA[Browser closed]]>
            </line>
          </reporter-output>
        </test-method> <!-- configAC -->
      </class> <!-- ObjRepository.CreateCampaignWithDateTest -->
      <class name="ObjRepository.CreateProductWithMandatoryfieldsTest">
        <test-method is-config="true" signature="configBC()[pri:0, instance:ObjRepository.CreateProductWithMandatoryfieldsTest@75437611]" started-at="2025-06-28T10:06:13 IST" name="configBC" finished-at="2025-06-28T10:06:16 IST" duration-ms="3209" status="PASS">
          <reporter-output>
            <line>
              <![CDATA[Launching the browser]]>
            </line>
          </reporter-output>
        </test-method> <!-- configBC -->
        <test-method is-config="true" signature="configBM()[pri:0, instance:ObjRepository.CreateProductWithMandatoryfieldsTest@75437611]" started-at="2025-06-28T10:06:16 IST" name="configBM" finished-at="2025-06-28T10:06:16 IST" duration-ms="451" status="PASS">
          <reporter-output>
            <line>
              <![CDATA[Logged in to NCRM]]>
            </line>
          </reporter-output>
        </test-method> <!-- configBM -->
        <test-method signature="createProductTest()[pri:0, instance:ObjRepository.CreateProductWithMandatoryfieldsTest@75437611]" started-at="2025-06-28T10:06:16 IST" name="createProductTest" finished-at="2025-06-28T10:06:18 IST" duration-ms="2077" status="PASS">
          <reporter-output>
            <line>
              <![CDATA[========createProductTest==STARTED==]]>
            </line>
            <line>
              <![CDATA[========createProductTest==SUCCESS==]]>
            </line>
          </reporter-output>
        </test-method> <!-- createProductTest -->
        <test-method is-config="true" signature="configAM()[pri:0, instance:ObjRepository.CreateProductWithMandatoryfieldsTest@75437611]" started-at="2025-06-28T10:06:18 IST" name="configAM" finished-at="2025-06-28T10:06:27 IST" duration-ms="9002" status="PASS">
          <reporter-output>
            <line>
              <![CDATA[Logged out successfully]]>
            </line>
          </reporter-output>
        </test-method> <!-- configAM -->
        <test-method is-config="true" signature="configAC()[pri:0, instance:ObjRepository.CreateProductWithMandatoryfieldsTest@75437611]" started-at="2025-06-28T10:06:27 IST" name="configAC" finished-at="2025-06-28T10:06:28 IST" duration-ms="589" status="PASS">
          <reporter-output>
            <line>
              <![CDATA[Browser closed]]>
            </line>
          </reporter-output>
        </test-method> <!-- configAC -->
      </class> <!-- ObjRepository.CreateProductWithMandatoryfieldsTest -->
    </test> <!-- Test -->
  </suite> <!-- Suite -->
</testng-results>
