<?xml version="1.0" encoding="UTF-8"?>
<!-- Generated by org.testng.reporters.JUnitXMLReporter -->
<testsuite ignored="4" hostname="LAPTOP-N1KMP2C8" failures="0" tests="2" name="TestRunner1" time="42.347" errors="0" timestamp="2025-06-21T10:22:25 IST">
  <testcase classname="ObjRepository.CreateCampaignTest" name="CreateCpgnTest" time="6.571"/>
  <testcase classname="ObjRepository.CreateCampaignWithDateTest" name="createCampwithDateTest" time="1.694"/>
  <testcase classname="BaseClass.BaseClass" name="@BeforeSuite configBS" time="0.0">
    <ignored/>
  </testcase> <!-- @BeforeSuite configBS -->
  <testcase classname="BaseClass.BaseClass" name="@BeforeTest configBT" time="0.0">
    <ignored/>
  </testcase> <!-- @BeforeTest configBT -->
  <testcase classname="BaseClass.BaseClass" name="@AfterTest configAT" time="0.0">
    <ignored/>
  </testcase> <!-- @AfterTest configAT -->
  <testcase classname="BaseClass.BaseClass" name="@AfterSuite configAS" time="0.0">
    <ignored/>
  </testcase> <!-- @AfterSuite configAS -->
</testsuite> <!-- TestRunner1 -->
