<?xml version="1.0" encoding="UTF-8"?>
<!-- Generated by org.testng.reporters.JUnitXMLReporter -->
<testsuite ignored="12" hostname="LAPTOP-N1KMP2C8" failures="2" tests="4" name="Test" time="82.506" errors="0" timestamp="2025-06-28T10:06:28 IST">
  <testcase classname="ObjRepository.CreateCampaignTest" name="CreateCpgnTest" time="2.024">
    <failure type="java.lang.AssertionError" message="Failed to create CampaignGo Green  expected [false] but found [true]">
      <![CDATA[java.lang.AssertionError: Failed to create CampaignGo Green  expected [false] but found [true]
at ObjRepository.CreateCampaignTest.CreateCpgnTest(CreateCampaignTest.java:55)
at java.base/java.util.ArrayList.forEach(ArrayList.java:1511)
... Removed 33 stack frames]]>
    </failure>
  </testcase> <!-- CreateCpgnTest -->
  <testcase classname="ObjRepository.CreateCampaignWithDateTest" name="createCampwithDateTest" time="1.582"/>
  <testcase classname="ObjRepository.CreateLeadWithCampaignTest" name="createLeadWithCpgnTest" time="22.296">
    <failure type="java.lang.AssertionError" message="The following asserts failed:
	Failed to create the leadRobot expected [false] but found [true]">
      <![CDATA[java.lang.AssertionError: The following asserts failed:
Failed to create the leadRobot expected [false] but found [true]
at ObjRepository.CreateLeadWithCampaignTest.createLeadWithCpgnTest(CreateLeadWithCampaignTest.java:78)
at java.base/java.util.ArrayList.forEach(ArrayList.java:1511)
... Removed 29 stack frames]]>
    </failure>
  </testcase> <!-- createLeadWithCpgnTest -->
  <testcase classname="ObjRepository.CreateProductWithMandatoryfieldsTest" name="createProductTest" time="2.077"/>
  <testcase classname="BaseClass.BaseClass" name="@BeforeSuite configBS" time="0.0">
    <ignored/>
  </testcase> <!-- @BeforeSuite configBS -->
  <testcase classname="BaseClass.BaseClass" name="@BeforeTest configBT" time="0.0">
    <ignored/>
  </testcase> <!-- @BeforeTest configBT -->
  <testcase classname="BaseClass.BaseClass" name="@AfterSuite configAS" time="0.0">
    <ignored/>
  </testcase> <!-- @AfterSuite configAS -->
  <testcase classname="BaseClass.BaseClass" name="@BeforeTest configBT" time="0.0">
    <ignored/>
  </testcase> <!-- @BeforeTest configBT -->
  <testcase classname="BaseClass.BaseClass" name="@AfterTest configAT" time="0.0">
    <ignored/>
  </testcase> <!-- @AfterTest configAT -->
  <testcase classname="BaseClass.BaseClass" name="@AfterSuite configAS" time="0.0">
    <ignored/>
  </testcase> <!-- @AfterSuite configAS -->
  <testcase classname="BaseClass.BaseClass" name="@BeforeSuite configBS" time="0.0">
    <ignored/>
  </testcase> <!-- @BeforeSuite configBS -->
  <testcase classname="BaseClass.BaseClass" name="@AfterTest configAT" time="0.0">
    <ignored/>
  </testcase> <!-- @AfterTest configAT -->
  <testcase classname="BaseClass.BaseClass" name="@BeforeSuite configBS" time="0.0">
    <ignored/>
  </testcase> <!-- @BeforeSuite configBS -->
  <testcase classname="BaseClass.BaseClass" name="@AfterTest configAT" time="0.0">
    <ignored/>
  </testcase> <!-- @AfterTest configAT -->
  <testcase classname="BaseClass.BaseClass" name="@BeforeTest configBT" time="0.0">
    <ignored/>
  </testcase> <!-- @BeforeTest configBT -->
  <testcase classname="BaseClass.BaseClass" name="@AfterSuite configAS" time="0.0">
    <ignored/>
  </testcase> <!-- @AfterSuite configAS -->
</testsuite> <!-- Test -->
